[ 2025-06-26 06:08:46,050 ] 1025 httpx - INFO - HTTP Request: GET https://dagshub.com/api/v1/user "HTTP/1.1 200 OK"
[ 2025-06-26 06:08:46,067 ] 107 dagshub - INFO - Accessing as svemula52
[ 2025-06-26 06:08:46,444 ] 1025 httpx - INFO - HTTP Request: GET https://dagshub.com/api/v1/repos/svemula52/networksecurity "HTTP/1.1 200 OK"
[ 2025-06-26 06:08:46,769 ] 1025 httpx - INFO - HTTP Request: GET https://dagshub.com/api/v1/user "HTTP/1.1 200 OK"
[ 2025-06-26 06:08:46,781 ] 107 dagshub - INFO - Initialized MLflow to track repo "svemula52/networksecurity"
[ 2025-06-26 06:08:46,785 ] 107 dagshub - INFO - Repository svemula52/networksecurity initialized!
[ 2025-06-26 06:09:19,260 ] 42 root - INFO - Start data Ingestion
[ 2025-06-26 06:09:21,996 ] 65 root - INFO - Performed train test split on the dataframe
[ 2025-06-26 06:09:21,996 ] 67 root - INFO - Exited split_data_as_train_test method of Data_Ingestion class
[ 2025-06-26 06:09:22,013 ] 75 root - INFO - Exporting train and test file path.
[ 2025-06-26 06:09:22,112 ] 84 root - INFO - Exported train and test file path.
[ 2025-06-26 06:09:22,113 ] 45 root - INFO - Data Ingestion completed and artifact: DataIngestionArtifact(trained_file_path='Artifacts\\06_26_2025_06_08_43\\data_ingestion\\ingested\\train.csv', test_file_path='Artifacts\\06_26_2025_06_08_43\\data_ingestion\\ingested\\test.csv')
[ 2025-06-26 06:09:22,113 ] 55 root - INFO - Initiate the data Validation
[ 2025-06-26 06:09:22,146 ] 32 root - INFO - Required number of columns:2
[ 2025-06-26 06:09:22,146 ] 33 root - INFO - Data frame has columns:31
[ 2025-06-26 06:09:22,146 ] 32 root - INFO - Required number of columns:2
[ 2025-06-26 06:09:22,146 ] 33 root - INFO - Data frame has columns:31
[ 2025-06-26 06:09:22,379 ] 63 root - INFO - Entered initiate_data_transformation method of DataTransformation class
[ 2025-06-26 06:09:22,379 ] 65 root - INFO - Starting data transformation
[ 2025-06-26 06:09:22,413 ] 48 root - INFO - Entered get_data_trnasformer_object method of Trnasformation class
[ 2025-06-26 06:09:22,413 ] 53 root - INFO - Initialise KNNImputer with {'missing_values': nan, 'n_neighbors': 3, 'weights': 'uniform'}
[ 2025-06-26 06:09:22,447 ] 46 root - INFO - Entered the save_object method of MainUtils class
[ 2025-06-26 06:09:22,463 ] 50 root - INFO - Exited the save_object method of MainUtils class
[ 2025-06-26 06:09:22,463 ] 46 root - INFO - Entered the save_object method of MainUtils class
[ 2025-06-26 06:09:22,463 ] 50 root - INFO - Exited the save_object method of MainUtils class
[ 2025-06-26 06:15:32,758 ] 46 root - INFO - Entered the save_object method of MainUtils class
[ 2025-06-26 06:15:32,774 ] 50 root - INFO - Exited the save_object method of MainUtils class
[ 2025-06-26 06:15:32,774 ] 46 root - INFO - Entered the save_object method of MainUtils class
[ 2025-06-26 06:15:32,823 ] 50 root - INFO - Exited the save_object method of MainUtils class
[ 2025-06-26 06:15:32,823 ] 154 root - INFO - Model trainer artifact: ModelTrainerArtifact(trained_model_file_path='Artifacts\\06_26_2025_06_08_43\\model_trainer\\trained_model\\model.pkl', train_metric_artifact=ClassificationMetricArtifact(f1_score=0.9911272433958459, precision_score=0.9887346610339972, recall_score=0.9935314331918335), test_metric_artifact=ClassificationMetricArtifact(f1_score=0.9756901524515863, precision_score=0.9728841413311422, recall_score=0.9785123966942149))
